Summary of SPARK analysis
=========================

-----------------------------------------------------------------------------------------
SPARK Analysis results        Total      Flow   CodePeer   Provers   Justified   Unproved
-----------------------------------------------------------------------------------------
Data Dependencies                 .         .          .         .           .          .
Flow Dependencies                 .         .          .         .           .          .
Initialization                    .         .          .         .           .          .
Non-Aliasing                      .         .          .         .           .          .
Run-time Checks                   .         .          .         .           .          .
Assertions                        .         .          .         .           .          .
Functional Contracts              .         .          .         .           .          .
LSP Verification                  .         .          .         .           .          .
Termination                       .         .          .         .           .          .
Concurrency                       .         .          .         .           .          .
-----------------------------------------------------------------------------------------
Total                             .         .          .         .           .          .


max steps used for successful proof: 0

Analyzed 2 units
in unit main_ada_date_time_rt_stamp, 1 subprograms and packages out of 1 analyzed
  main_ada_date_time_rt_stamp at main_ada_date_time_rt_stamp.adb:13 flow analyzed (0 errors, 0 checks and 0 warnings) and proved (0 checks)
in unit pkg_ada_dtstamp, 0 subprograms and packages out of 12 analyzed
  pkg_ada_dtstamp at pkg_ada_dtstamp.ads:10 skipped
  pkg_ada_dtstamp.GetTime at pkg_ada_dtstamp.adb:61 skipped
  pkg_ada_dtstamp.dtstamp at pkg_ada_dtstamp.ads:17 skipped
  pkg_ada_dtstamp.exec_check_overrun at pkg_ada_dtstamp.ads:27 skipped
  pkg_ada_dtstamp.exec_delay_msec at pkg_ada_dtstamp.ads:23 skipped
  pkg_ada_dtstamp.exec_delay_nsec at pkg_ada_dtstamp.ads:25 skipped
  pkg_ada_dtstamp.exec_delay_sec at pkg_ada_dtstamp.ads:22 skipped
  pkg_ada_dtstamp.exec_delay_time at pkg_ada_dtstamp.ads:21 skipped
  pkg_ada_dtstamp.exec_delay_usec at pkg_ada_dtstamp.ads:24 skipped
  pkg_ada_dtstamp.get_datestamp at pkg_ada_dtstamp.ads:18 skipped
  pkg_ada_dtstamp.get_timestamp at pkg_ada_dtstamp.ads:19 skipped
  pkg_ada_dtstamp.getif_overrun at pkg_ada_dtstamp.ads:28 skipped
